#
# There is insufficient memory for the Java Runtime Environment to continue.
# Native memory allocation (malloc) failed to allocate 1198736 bytes for Chunk::new
# Possible reasons:
#   The system is out of physical RAM or swap space
#   In 32 bit mode, the process size limit was hit
# Possible solutions:
#   Reduce memory load on the system
#   Increase physical memory or swap space
#   Check if swap backing store is full
#   Use 64 bit Java on a 64 bit OS
#   Decrease Java heap size (-Xmx/-Xms)
#   Decrease number of Java threads
#   Decrease Java thread stack sizes (-Xss)
#   Set larger code cache with -XX:ReservedCodeCacheSize=
# This output file may be truncated or incomplete.
#
#  Out of Memory Error (allocation.cpp:390), pid=13284, tid=0x0000000000002298
#
# JRE version: Java(TM) SE Runtime Environment (8.0_101-b13) (build 1.8.0_101-b13)
# Java VM: Java HotSpot(TM) 64-Bit Server VM (25.101-b13 mixed mode windows-amd64 compressed oops)
# Failed to write core dump. Minidumps are not enabled by default on client versions of Windows
#

---------------  T H R E A D  ---------------

Current thread (0x0000000017b93000):  JavaThread "C2 CompilerThread0" daemon [_thread_in_native, id=8856, stack(0x0000000018150000,0x0000000018250000)]

Stack: [0x0000000018150000,0x0000000018250000]
[error occurred during error reporting (printing stack bounds), id 0xc0000005]

Native frames: (J=compiled Java code, j=interpreted, Vv=VM code, C=native code)


Current CompileTask:
C2:4800501 20019 % !   4       java.beans.Introspector::getTargetPropertyInfo @ 95 (582 bytes)


---------------  P R O C E S S  ---------------

Java Threads: ( => current thread )
  0x000000001b8be800 JavaThread "Stdin handler" [_thread_blocked, id=13904, stack(0x0000000037b00000,0x0000000037c00000)]
  0x000000001b8b8800 JavaThread "Asynchronous log dispatcher for org.gradle.launcher.daemon.server.DefaultDaemonConnection@5a745b6" [_thread_blocked, id=2960, stack(0x0000000037a00000,0x0000000037b00000)]
  0x000000001b8be000 JavaThread "Cancel handler" [_thread_blocked, id=13972, stack(0x0000000037900000,0x0000000037a00000)]
  0x000000001b8bd000 JavaThread "Handler for socket connection from /127.0.0.1:57198 to /127.0.0.1:58025" [_thread_in_native, id=624, stack(0x0000000037800000,0x0000000037900000)]
  0x000000001bd50800 JavaThread "Daemon worker Thread 8" [_thread_in_native, id=1960, stack(0x0000000036600000,0x0000000036700000)]
  0x000000001bd4d800 JavaThread "Daemon Thread 8" [_thread_blocked, id=10372, stack(0x0000000036300000,0x0000000036400000)]
  0x000000001b8b6000 JavaThread "stdout" daemon [_thread_in_native, id=9320, stack(0x0000000030700000,0x0000000030800000)]
  0x000000001b8b5800 JavaThread "stderr" daemon [_thread_in_native, id=15764, stack(0x0000000030600000,0x0000000030700000)]
  0x000000001b8b4800 JavaThread "stdout" daemon [_thread_in_native, id=9056, stack(0x0000000030500000,0x0000000030600000)]
  0x000000001b8b3000 JavaThread "stderr" daemon [_thread_in_native, id=13468, stack(0x0000000030400000,0x0000000030500000)]
  0x000000001b8b2800 JavaThread "stdout" daemon [_thread_in_native, id=6980, stack(0x0000000030300000,0x0000000030400000)]
  0x000000001b8b7000 JavaThread "stderr" daemon [_thread_in_native, id=6268, stack(0x0000000030200000,0x0000000030300000)]
  0x000000001b8b4000 JavaThread "stdout" daemon [_thread_in_native, id=2468, stack(0x0000000030100000,0x0000000030200000)]
  0x000000001b8b1800 JavaThread "stderr" daemon [_thread_in_native, id=7860, stack(0x0000000030000000,0x0000000030100000)]
  0x000000001b7cf800 JavaThread "stdout" daemon [_thread_in_native, id=10956, stack(0x000000002ff00000,0x0000000030000000)]
  0x000000001b7cb000 JavaThread "stderr" daemon [_thread_in_native, id=12376, stack(0x000000002fe00000,0x000000002ff00000)]
  0x000000001b7cd000 JavaThread "stdout" daemon [_thread_in_native, id=13176, stack(0x000000002fc00000,0x000000002fd00000)]
  0x000000001b7d1800 JavaThread "stderr" daemon [_thread_in_native, id=4012, stack(0x000000002fb00000,0x000000002fc00000)]
  0x000000001b7ce000 JavaThread "stdout" daemon [_thread_in_native, id=4836, stack(0x000000002fa00000,0x000000002fb00000)]
  0x000000001b7d0000 JavaThread "stderr" daemon [_thread_in_native, id=4844, stack(0x000000002f900000,0x000000002fa00000)]
  0x000000001b7cc800 JavaThread "stdout" daemon [_thread_in_native, id=8976, stack(0x000000002f800000,0x000000002f900000)]
  0x000000001b7d1000 JavaThread "stderr" daemon [_thread_in_native, id=14900, stack(0x000000002f700000,0x000000002f800000)]
  0x000000001b7cb800 JavaThread "stdout" daemon [_thread_in_native, id=11680, stack(0x000000002f600000,0x000000002f700000)]
  0x000000001b7c3800 JavaThread "stderr" daemon [_thread_in_native, id=1996, stack(0x000000002f500000,0x000000002f600000)]
  0x000000001b7c7000 JavaThread "stdout" daemon [_thread_in_native, id=8496, stack(0x000000002f400000,0x000000002f500000)]
  0x000000001b7ca000 JavaThread "stderr" daemon [_thread_in_native, id=13684, stack(0x000000002f300000,0x000000002f400000)]
  0x000000001b7c4000 JavaThread "stdout" daemon [_thread_in_native, id=10656, stack(0x000000002f200000,0x000000002f300000)]
  0x000000001b7c8800 JavaThread "stderr" daemon [_thread_in_native, id=16264, stack(0x000000002f100000,0x000000002f200000)]
  0x000000001b7c5000 JavaThread "stdout" daemon [_thread_in_native, id=9624, stack(0x000000002f000000,0x000000002f100000)]
  0x000000001b7c9800 JavaThread "stderr" daemon [_thread_in_native, id=13664, stack(0x000000002ef00000,0x000000002f000000)]
  0x000000001b7c2800 JavaThread "stdout" daemon [_thread_in_native, id=14776, stack(0x000000002ee00000,0x000000002ef00000)]
  0x000000001b7c6800 JavaThread "stderr" daemon [_thread_in_native, id=11820, stack(0x000000002ed00000,0x000000002ee00000)]
  0x000000001b7c5800 JavaThread "png-cruncher_20" daemon [_thread_blocked, id=8928, stack(0x000000002ec00000,0x000000002ed00000)]
  0x000000001b7c8000 JavaThread "png-cruncher_19" daemon [_thread_blocked, id=6556, stack(0x000000002eb00000,0x000000002ec00000)]
  0x000000001b626800 JavaThread "png-cruncher_18" daemon [_thread_blocked, id=12564, stack(0x000000002ea00000,0x000000002eb00000)]
  0x000000001b626000 JavaThread "png-cruncher_17" daemon [_thread_blocked, id=620, stack(0x000000002e900000,0x000000002ea00000)]
  0x000000001b625000 JavaThread "png-cruncher_16" daemon [_thread_blocked, id=1324, stack(0x000000002e800000,0x000000002e900000)]
  0x000000001b627800 JavaThread "stdout" daemon [_thread_in_native, id=11768, stack(0x000000002e700000,0x000000002e800000)]
  0x000000001b628000 JavaThread "stderr" daemon [_thread_in_native, id=216, stack(0x000000002e600000,0x000000002e700000)]
  0x000000001b629800 JavaThread "stdout" daemon [_thread_in_native, id=6996, stack(0x000000002e500000,0x000000002e600000)]
  0x000000001b629000 JavaThread "stderr" daemon [_thread_in_native, id=3900, stack(0x000000002e400000,0x000000002e500000)]
  0x000000001b61d800 JavaThread "stdout" daemon [_thread_in_native, id=15996, stack(0x000000002e300000,0x000000002e400000)]
  0x000000001b624800 JavaThread "stderr" daemon [_thread_in_native, id=15596, stack(0x000000002e200000,0x000000002e300000)]
  0x000000001b623800 JavaThread "png-cruncher_15" daemon [_thread_blocked, id=15248, stack(0x000000002e100000,0x000000002e200000)]
  0x000000001b61c000 JavaThread "png-cruncher_14" daemon [_thread_blocked, id=11516, stack(0x000000002e000000,0x000000002e100000)]
  0x000000001b623000 JavaThread "png-cruncher_13" daemon [_thread_blocked, id=8720, stack(0x000000002df00000,0x000000002e000000)]
  0x000000001b61b800 JavaThread "png-cruncher_12" daemon [_thread_blocked, id=12348, stack(0x000000002de00000,0x000000002df00000)]
  0x000000001b622000 JavaThread "png-cruncher_11" daemon [_thread_blocked, id=7192, stack(0x000000002dd00000,0x000000002de00000)]
  0x000000001b620800 JavaThread "stdout" daemon [_thread_in_native, id=12284, stack(0x000000002dc00000,0x000000002dd00000)]
  0x000000001b61d000 JavaThread "stderr" daemon [_thread_in_native, id=6464, stack(0x000000002db00000,0x000000002dc00000)]
  0x000000001b61a800 JavaThread "png-cruncher_10" daemon [_thread_blocked, id=8472, stack(0x000000002da00000,0x000000002db00000)]
  0x000000001b621800 JavaThread "png-cruncher_9" daemon [_thread_blocked, id=14088, stack(0x000000002d900000,0x000000002da00000)]
  0x000000001b620000 JavaThread "png-cruncher_8" daemon [_thread_blocked, id=11076, stack(0x000000002d800000,0x000000002d900000)]
  0x000000001b61e800 JavaThread "png-cruncher_7" daemon [_thread_blocked, id=6524, stack(0x000000002d700000,0x000000002d800000)]
  0x000000001b61f000 JavaThread "png-cruncher_6" daemon [_thread_blocked, id=8560, stack(0x000000002d600000,0x000000002d700000)]
  0x0000000019cdb800 JavaThread "stdout" daemon [_thread_in_native, id=15064, stack(0x000000002d500000,0x000000002d600000)]
  0x00000000198b8800 JavaThread "stderr" daemon [_thread_in_native, id=13628, stack(0x000000002d400000,0x000000002d500000)]
  0x00000000198b8000 JavaThread "stdout" daemon [_thread_in_native, id=9240, stack(0x000000002d300000,0x000000002d400000)]
  0x00000000198b7000 JavaThread "stderr" daemon [_thread_in_native, id=4768, stack(0x000000002d200000,0x000000002d300000)]
  0x00000000198b4000 JavaThread "stdout" daemon [_thread_in_native, id=420, stack(0x000000002d100000,0x000000002d200000)]
  0x00000000198b3800 JavaThread "stderr" daemon [_thread_in_native, id=1624, stack(0x000000002d000000,0x000000002d100000)]
  0x0000000019094800 JavaThread "png-cruncher_5" daemon [_thread_blocked, id=9164, stack(0x000000002cf00000,0x000000002d000000)]
  0x0000000019092800 JavaThread "png-cruncher_4" daemon [_thread_blocked, id=1940, stack(0x000000002ce00000,0x000000002cf00000)]
  0x0000000019094000 JavaThread "png-cruncher_3" daemon [_thread_blocked, id=128, stack(0x000000002cd00000,0x000000002ce00000)]
  0x0000000019091800 JavaThread "png-cruncher_2" daemon [_thread_blocked, id=1340, stack(0x000000002cc00000,0x000000002cd00000)]
  0x0000000019093000 JavaThread "png-cruncher_1" daemon [_thread_blocked, id=2000, stack(0x000000002cb00000,0x000000002cc00000)]
  0x000000001bd4c800 JavaThread "stdout" daemon [_thread_in_native, id=6880, stack(0x0000000026b00000,0x0000000026c00000)]
  0x000000001bd48000 JavaThread "stderr" daemon [_thread_in_native, id=2620, stack(0x0000000026a00000,0x0000000026b00000)]
  0x000000001bd4c000 JavaThread "stdout" daemon [_thread_in_native, id=11084, stack(0x0000000026900000,0x0000000026a00000)]
  0x0000000019ce1800 JavaThread "stderr" daemon [_thread_in_native, id=1484, stack(0x0000000026800000,0x0000000026900000)]
  0x0000000019cde800 JavaThread "stdout" daemon [_thread_in_native, id=13752, stack(0x0000000026700000,0x0000000026800000)]
  0x0000000019cde000 JavaThread "stderr" daemon [_thread_in_native, id=10840, stack(0x0000000026600000,0x0000000026700000)]
  0x0000000019cdd000 JavaThread "stdout" daemon [_thread_in_native, id=7680, stack(0x0000000026500000,0x0000000026600000)]
  0x0000000019ce1000 JavaThread "stderr" daemon [_thread_in_native, id=2160, stack(0x0000000026400000,0x0000000026500000)]
  0x0000000019cdc800 JavaThread "stdout" daemon [_thread_in_native, id=7900, stack(0x0000000026300000,0x0000000026400000)]
  0x0000000019cdf800 JavaThread "stderr" daemon [_thread_in_native, id=14720, stack(0x0000000026200000,0x0000000026300000)]
  0x0000000019ce0000 JavaThread "stdout" daemon [_thread_in_native, id=12492, stack(0x0000000026100000,0x0000000026200000)]
  0x0000000019cd4800 JavaThread "stderr" daemon [_thread_in_native, id=15584, stack(0x0000000026000000,0x0000000026100000)]
  0x0000000019cd4000 JavaThread "stdout" daemon [_thread_in_native, id=8312, stack(0x0000000025e00000,0x0000000025f00000)]
  0x0000000019cdb000 JavaThread "stderr" daemon [_thread_in_native, id=5764, stack(0x0000000025d00000,0x0000000025e00000)]
  0x0000000019cd3000 JavaThread "stdout" daemon [_thread_in_native, id=2168, stack(0x0000000025c00000,0x0000000025d00000)]
  0x0000000019cda000 JavaThread "stderr" daemon [_thread_in_native, id=11236, stack(0x0000000025b00000,0x0000000025c00000)]
  0x0000000019cd2800 JavaThread "stdout" daemon [_thread_in_native, id=8380, stack(0x0000000025a00000,0x0000000025b00000)]
  0x0000000019cd5800 JavaThread "stderr" daemon [_thread_in_native, id=12852, stack(0x0000000025900000,0x0000000025a00000)]
  0x0000000019cd9000 JavaThread "stdout" daemon [_thread_in_native, id=8424, stack(0x0000000025800000,0x0000000025900000)]
  0x0000000019cd8800 JavaThread "stderr" daemon [_thread_in_native, id=7016, stack(0x0000000025700000,0x0000000025800000)]
  0x0000000019cd7800 JavaThread "stdout" daemon [_thread_in_native, id=2680, stack(0x0000000025600000,0x0000000025700000)]
  0x0000000019cd7000 JavaThread "stderr" daemon [_thread_in_native, id=11480, stack(0x0000000025500000,0x0000000025600000)]
  0x0000000019cd6000 JavaThread "stdout" daemon [_thread_in_native, id=3064, stack(0x0000000025400000,0x0000000025500000)]
  0x00000000198ba000 JavaThread "stderr" daemon [_thread_in_native, id=15604, stack(0x0000000025300000,0x0000000025400000)]
  0x000000001908d000 JavaThread "stdout" daemon [_thread_in_native, id=9720, stack(0x0000000025100000,0x0000000025200000)]
  0x000000001908c000 JavaThread "stdout" daemon [_thread_in_native, id=6244, stack(0x0000000025000000,0x0000000025100000)]
  0x000000001908b800 JavaThread "stderr" daemon [_thread_in_native, id=11160, stack(0x0000000024f00000,0x0000000025000000)]
  0x0000000019090000 JavaThread "stderr" daemon [_thread_in_native, id=10932, stack(0x0000000024e00000,0x0000000024f00000)]
  0x000000001908e800 JavaThread "stdout" daemon [_thread_in_native, id=3800, stack(0x0000000024d00000,0x0000000024e00000)]
  0x000000001908f000 JavaThread "stderr" daemon [_thread_in_native, id=6068, stack(0x0000000024c00000,0x0000000024d00000)]
  0x000000001908a800 JavaThread "stdout" daemon [_thread_in_native, id=12444, stack(0x0000000024b00000,0x0000000024c00000)]
  0x000000001908d800 JavaThread "stderr" daemon [_thread_in_native, id=15948, stack(0x0000000024a00000,0x0000000024b00000)]
  0x0000000019083000 JavaThread "stdout" daemon [_thread_in_native, id=6216, stack(0x0000000024900000,0x0000000024a00000)]
  0x000000001908a000 JavaThread "stderr" daemon [_thread_in_native, id=13940, stack(0x0000000024800000,0x0000000024900000)]
  0x0000000019089000 JavaThread "stdout" daemon [_thread_in_native, id=7296, stack(0x0000000024700000,0x0000000024800000)]
  0x0000000019081800 JavaThread "stderr" daemon [_thread_in_native, id=11728, stack(0x0000000024600000,0x0000000024700000)]
  0x0000000019088800 JavaThread "stdout" daemon [_thread_in_native, id=7412, stack(0x0000000024500000,0x0000000024600000)]
  0x0000000019087000 JavaThread "stderr" daemon [_thread_in_native, id=8256, stack(0x0000000024400000,0x0000000024500000)]
  0x0000000019082800 JavaThread "stdout" daemon [_thread_in_native, id=15304, stack(0x0000000024300000,0x0000000024400000)]
  0x0000000019086000 JavaThread "stderr" daemon [_thread_in_native, id=15696, stack(0x0000000024200000,0x0000000024300000)]
  0x0000000019084800 JavaThread "png-cruncher_20" daemon [_thread_blocked, id=7488, stack(0x0000000024100000,0x0000000024200000)]
  0x0000000019084000 JavaThread "png-cruncher_19" daemon [_thread_blocked, id=9956, stack(0x0000000024000000,0x0000000024100000)]
  0x0000000019087800 JavaThread "png-cruncher_18" daemon [_thread_blocked, id=9204, stack(0x0000000023f00000,0x0000000024000000)]
  0x0000000019085800 JavaThread "png-cruncher_17" daemon [_thread_blocked, id=11792, stack(0x0000000023e00000,0x0000000023f00000)]
  0x0000000019081000 JavaThread "png-cruncher_16" daemon [_thread_blocked, id=5596, stack(0x0000000023d00000,0x0000000023e00000)]
  0x0000000019099000 JavaThread "png-cruncher_15" daemon [_thread_blocked, id=9012, stack(0x0000000023c00000,0x0000000023d00000)]
  0x00000000190a0000 JavaThread "png-cruncher_14" daemon [_thread_blocked, id=6616, stack(0x0000000023b00000,0x0000000023c00000)]
  0x0000000019098800 JavaThread "png-cruncher_13" daemon [_thread_blocked, id=10236, stack(0x0000000023a00000,0x0000000023b00000)]
  0x000000001909c000 JavaThread "png-cruncher_12" daemon [_thread_blocked, id=15684, stack(0x0000000023900000,0x0000000023a00000)]
  0x000000001909f000 JavaThread "png-cruncher_11" daemon [_thread_blocked, id=11368, stack(0x0000000023800000,0x0000000023900000)]
  0x000000001909e800 JavaThread "png-cruncher_10" daemon [_thread_blocked, id=10128, stack(0x0000000023700000,0x0000000023800000)]
  0x000000001909b800 JavaThread "png-cruncher_9" daemon [_thread_blocked, id=13404, stack(0x0000000023600000,0x0000000023700000)]
  0x000000001909d000 JavaThread "png-cruncher_8" daemon [_thread_blocked, id=14252, stack(0x0000000023500000,0x0000000023600000)]
  0x000000001909d800 JavaThread "png-cruncher_7" daemon [_thread_blocked, id=14272, stack(0x0000000023400000,0x0000000023500000)]
  0x000000001909a800 JavaThread "png-cruncher_6" daemon [_thread_blocked, id=14220, stack(0x0000000023300000,0x0000000023400000)]
  0x000000001909a000 JavaThread "png-cruncher_5" daemon [_thread_blocked, id=7380, stack(0x0000000023200000,0x0000000023300000)]
  0x0000000019091000 JavaThread "png-cruncher_4" daemon [_thread_blocked, id=13292, stack(0x0000000023100000,0x0000000023200000)]
  0x0000000019097800 JavaThread "png-cruncher_3" daemon [_thread_blocked, id=10776, stack(0x0000000023000000,0x0000000023100000)]
  0x0000000019096000 JavaThread "png-cruncher_2" daemon [_thread_blocked, id=8108, stack(0x0000000022f00000,0x0000000023000000)]
  0x0000000019097000 JavaThread "png-cruncher_1" daemon [_thread_blocked, id=9116, stack(0x0000000022e00000,0x0000000022f00000)]
  0x00000000198b5000 JavaThread "File lock request listener" [_thread_in_native, id=1708, stack(0x000000001c230000,0x000000001c330000)]
  0x000000001943a800 JavaThread "Incoming local TCP Connector on port 57198" [_thread_in_native, id=14288, stack(0x000000001a160000,0x000000001a260000)]
  0x0000000018b01800 JavaThread "pool-1-thread-1" [_thread_blocked, id=9480, stack(0x0000000018e50000,0x0000000018f50000)]
  0x0000000017bb1800 JavaThread "Service Thread" daemon [_thread_blocked, id=15728, stack(0x0000000018450000,0x0000000018550000)]
  0x00000000166cd800 JavaThread "C1 CompilerThread2" daemon [_thread_blocked, id=2652, stack(0x0000000018350000,0x0000000018450000)]
  0x0000000002cfb800 JavaThread "C2 CompilerThread1" daemon [_thread_blocked, id=10272, stack(0x0000000018250000,0x0000000018350000)]
=>0x0000000017b93000 JavaThread "C2 CompilerThread0" daemon [_thread_in_native, id=8856, stack(0x0000000018150000,0x0000000018250000)]
  0x0000000017b92800 JavaThread "Attach Listener" daemon [_thread_blocked, id=14404, stack(0x0000000018050000,0x0000000018150000)]
  0x0000000016682000 JavaThread "Signal Dispatcher" daemon [_thread_blocked, id=3996, stack(0x0000000017f50000,0x0000000018050000)]
  0x000000001665a000 JavaThread "Finalizer" daemon [_thread_blocked, id=12640, stack(0x00000000178c0000,0x00000000179c0000)]
  0x0000000016638800 JavaThread "Reference Handler" daemon [_thread_blocked, id=8076, stack(0x00000000177c0000,0x00000000178c0000)]
  0x0000000002c00800 JavaThread "main" [_thread_blocked, id=15180, stack(0x0000000002a80000,0x0000000002b80000)]

Other Threads:
  0x0000000016637000 VMThread [stack: 0x00000000176c0000,0x00000000177c0000] [id=9064]
  0x0000000017bc8000 WatcherThread [stack: 0x0000000018550000,0x0000000018650000] [id=3436]

VM state:not at safepoint (normal execution)

VM Mutex/Monitor currently owned by a thread: None

Heap:
 PSYoungGen      total 302080K, used 143153K [0x00000000e0000000, 0x00000000f5480000, 0x0000000100000000)
  eden space 260608K, 51% used [0x00000000e0000000,0x00000000e840c7b8,0x00000000efe80000)
  from space 41472K, 19% used [0x00000000efe80000,0x00000000f0640000,0x00000000f2700000)
  to   space 39936K, 0% used [0x00000000f2d80000,0x00000000f2d80000,0x00000000f5480000)
 ParOldGen       total 205312K, used 59971K [0x00000000a0000000, 0x00000000ac880000, 0x00000000e0000000)
  object space 205312K, 29% used [0x00000000a0000000,0x00000000a3a90e98,0x00000000ac880000)
 Metaspace       used 82623K, capacity 89680K, committed 94720K, reserved 1130496K
  class space    used 10884K, capacity 11811K, committed 13056K, reserved 1048576K

Card table byte_map: [0x00000000120c0000,0x00000000123d0000] byte_map_base: 0x0000000011bc0000

Marking Bits: (ParMarkBitMap*) 0x000000006dc6a6d0
 Begin Bits: [0x00000000129d0000, 0x00000000141d0000)
 End Bits:   [0x00000000141d0000, 0x00000000159d0000)

Polling page: 0x0000000000ec0000

CodeCache: size=245760Kb used=58286Kb max_used=58304Kb free=187473Kb
 bounds [0x0000000002d00000, 0x0000000006660000, 0x0000000011d00000]
 total_blobs=16163 nmethods=15378 adapters=695
 compilation: enabled

Compilation events (10 events):
Event: 4799.529 Thread 0x00000000166cd800 nmethod 20014 0x00000000061dff10 code [0x00000000061e00a0, 0x00000000061e0468]
Event: 4799.529 Thread 0x00000000166cd800 20015       3       org.gradle.internal.event.BroadcastDispatch::add (20 bytes)
Event: 4799.529 Thread 0x00000000166cd800 nmethod 20015 0x00000000061df8d0 code [0x00000000061dfa40, 0x00000000061dfd88]
Event: 4799.538 Thread 0x00000000166cd800 20016       3       com.android.resources.Density::isValidValueForDevice (20 bytes)
Event: 4799.538 Thread 0x00000000166cd800 nmethod 20016 0x0000000003c98890 code [0x0000000003c98a00, 0x0000000003c98bf0]
Event: 4799.538 Thread 0x0000000002cfb800 20017       4       java.text.DecimalFormatSymbols::getInstance (37 bytes)
Event: 4799.540 Thread 0x00000000166cd800 20018       3       org.gradle.api.internal.FactoryNamedDomainObjectContainer::doCreate (11 bytes)
Event: 4799.540 Thread 0x00000000166cd800 nmethod 20018 0x0000000003c98410 code [0x0000000003c98580, 0x0000000003c987a8]
Event: 4799.561 Thread 0x0000000017b93000 20019 % !   4       java.beans.Introspector::getTargetPropertyInfo @ 95 (582 bytes)
Event: 4799.603 Thread 0x0000000002cfb800 nmethod 20017 0x0000000006503dd0 code [0x00000000065040a0, 0x0000000006505b60]

GC Heap History (10 events):
Event: 3409.639 GC heap before
{Heap before GC invocations=45 (full 11):
 PSYoungGen      total 311808K, used 8725K [0x00000000e0000000, 0x00000000f5b00000, 0x0000000100000000)
  eden space 270336K, 0% used [0x00000000e0000000,0x00000000e0000000,0x00000000f0800000)
  from space 41472K, 21% used [0x00000000f3280000,0x00000000f3b056e0,0x00000000f5b00000)
  to   space 42496K, 0% used [0x00000000f0800000,0x00000000f0800000,0x00000000f3180000)
 ParOldGen       total 205312K, used 73145K [0x00000000a0000000, 0x00000000ac880000, 0x00000000e0000000)
  object space 205312K, 35% used [0x00000000a0000000,0x00000000a476e7d0,0x00000000ac880000)
 Metaspace       used 85259K, capacity 92868K, committed 93312K, reserved 1130496K
  class space    used 11412K, capacity 12586K, committed 12928K, reserved 1048576K
Event: 3410.506 GC heap after
Heap after GC invocations=45 (full 11):
 PSYoungGen      total 311808K, used 0K [0x00000000e0000000, 0x00000000f5b00000, 0x0000000100000000)
  eden space 270336K, 0% used [0x00000000e0000000,0x00000000e0000000,0x00000000f0800000)
  from space 41472K, 0% used [0x00000000f3280000,0x00000000f3280000,0x00000000f5b00000)
  to   space 42496K, 0% used [0x00000000f0800000,0x00000000f0800000,0x00000000f3180000)
 ParOldGen       total 205312K, used 79698K [0x00000000a0000000, 0x00000000ac880000, 0x00000000e0000000)
  object space 205312K, 38% used [0x00000000a0000000,0x00000000a4dd4a20,0x00000000ac880000)
 Metaspace       used 85232K, capacity 92780K, committed 93312K, reserved 1130496K
  class space    used 11404K, capacity 12578K, committed 12928K, reserved 1048576K
}
Event: 4742.291 GC heap before
{Heap before GC invocations=46 (full 11):
 PSYoungGen      total 311808K, used 270336K [0x00000000e0000000, 0x00000000f5b00000, 0x0000000100000000)
  eden space 270336K, 100% used [0x00000000e0000000,0x00000000f0800000,0x00000000f0800000)
  from space 41472K, 0% used [0x00000000f3280000,0x00000000f3280000,0x00000000f5b00000)
  to   space 42496K, 0% used [0x00000000f0800000,0x00000000f0800000,0x00000000f3180000)
 ParOldGen       total 205312K, used 79698K [0x00000000a0000000, 0x00000000ac880000, 0x00000000e0000000)
  object space 205312K, 38% used [0x00000000a0000000,0x00000000a4dd4a20,0x00000000ac880000)
 Metaspace       used 85520K, capacity 93338K, committed 93824K, reserved 1130496K
  class space    used 11446K, capacity 12625K, committed 12928K, reserved 1048576K
Event: 4742.314 GC heap after
Heap after GC invocations=46 (full 11):
 PSYoungGen      total 266752K, used 5744K [0x00000000e0000000, 0x00000000f5080000, 0x0000000100000000)
  eden space 260608K, 0% used [0x00000000e0000000,0x00000000e0000000,0x00000000efe80000)
  from space 6144K, 93% used [0x00000000f0800000,0x00000000f0d9c010,0x00000000f0e00000)
  to   space 41984K, 0% used [0x00000000f2780000,0x00000000f2780000,0x00000000f5080000)
 ParOldGen       total 205312K, used 79706K [0x00000000a0000000, 0x00000000ac880000, 0x00000000e0000000)
  object space 205312K, 38% used [0x00000000a0000000,0x00000000a4dd6a20,0x00000000ac880000)
 Metaspace       used 85520K, capacity 93338K, committed 93824K, reserved 1130496K
  class space    used 11446K, capacity 12625K, committed 12928K, reserved 1048576K
}
Event: 4744.018 GC heap before
{Heap before GC invocations=47 (full 11):
 PSYoungGen      total 266752K, used 35875K [0x00000000e0000000, 0x00000000f5080000, 0x0000000100000000)
  eden space 260608K, 11% used [0x00000000e0000000,0x00000000e1d6cf80,0x00000000efe80000)
  from space 6144K, 93% used [0x00000000f0800000,0x00000000f0d9c010,0x00000000f0e00000)
  to   space 41984K, 0% used [0x00000000f2780000,0x00000000f2780000,0x00000000f5080000)
 ParOldGen       total 205312K, used 79706K [0x00000000a0000000, 0x00000000ac880000, 0x00000000e0000000)
  object space 205312K, 38% used [0x00000000a0000000,0x00000000a4dd6a20,0x00000000ac880000)
 Metaspace       used 86329K, capacity 94348K, committed 94720K, reserved 1130496K
  class space    used 11590K, capacity 12838K, committed 13056K, reserved 1048576K
Event: 4744.104 GC heap after
Heap after GC invocations=47 (full 11):
 PSYoungGen      total 301568K, used 5830K [0x00000000e0000000, 0x00000000f4f80000, 0x0000000100000000)
  eden space 260608K, 0% used [0x00000000e0000000,0x00000000e0000000,0x00000000efe80000)
  from space 40960K, 14% used [0x00000000f2780000,0x00000000f2d31920,0x00000000f4f80000)
  to   space 41472K, 0% used [0x00000000efe80000,0x00000000efe80000,0x00000000f2700000)
 ParOldGen       total 205312K, used 79714K [0x00000000a0000000, 0x00000000ac880000, 0x00000000e0000000)
  object space 205312K, 38% used [0x00000000a0000000,0x00000000a4dd8a20,0x00000000ac880000)
 Metaspace       used 86329K, capacity 94348K, committed 94720K, reserved 1130496K
  class space    used 11590K, capacity 12838K, committed 13056K, reserved 1048576K
}
Event: 4744.104 GC heap before
{Heap before GC invocations=48 (full 12):
 PSYoungGen      total 301568K, used 5830K [0x00000000e0000000, 0x00000000f4f80000, 0x0000000100000000)
  eden space 260608K, 0% used [0x00000000e0000000,0x00000000e0000000,0x00000000efe80000)
  from space 40960K, 14% used [0x00000000f2780000,0x00000000f2d31920,0x00000000f4f80000)
  to   space 41472K, 0% used [0x00000000efe80000,0x00000000efe80000,0x00000000f2700000)
 ParOldGen       total 205312K, used 79714K [0x00000000a0000000, 0x00000000ac880000, 0x00000000e0000000)
  object space 205312K, 38% used [0x00000000a0000000,0x00000000a4dd8a20,0x00000000ac880000)
 Metaspace       used 86329K, capacity 94348K, committed 94720K, reserved 1130496K
  class space    used 11590K, capacity 12838K, committed 13056K, reserved 1048576K
Event: 4744.914 GC heap after
Heap after GC invocations=48 (full 12):
 PSYoungGen      total 301568K, used 0K [0x00000000e0000000, 0x00000000f4f80000, 0x0000000100000000)
  eden space 260608K, 0% used [0x00000000e0000000,0x00000000e0000000,0x00000000efe80000)
  from space 40960K, 0% used [0x00000000f2780000,0x00000000f2780000,0x00000000f4f80000)
  to   space 41472K, 0% used [0x00000000efe80000,0x00000000efe80000,0x00000000f2700000)
 ParOldGen       total 205312K, used 59963K [0x00000000a0000000, 0x00000000ac880000, 0x00000000e0000000)
  object space 205312K, 29% used [0x00000000a0000000,0x00000000a3a8ee98,0x00000000ac880000)
 Metaspace       used 82160K, capacity 88724K, committed 94720K, reserved 1130496K
  class space    used 10817K, capacity 11719K, committed 13056K, reserved 1048576K
}
Event: 4782.170 GC heap before
{Heap before GC invocations=49 (full 12):
 PSYoungGen      total 301568K, used 260608K [0x00000000e0000000, 0x00000000f4f80000, 0x0000000100000000)
  eden space 260608K, 100% used [0x00000000e0000000,0x00000000efe80000,0x00000000efe80000)
  from space 40960K, 0% used [0x00000000f2780000,0x00000000f2780000,0x00000000f4f80000)
  to   space 41472K, 0% used [0x00000000efe80000,0x00000000efe80000,0x00000000f2700000)
 ParOldGen       total 205312K, used 59963K [0x00000000a0000000, 0x00000000ac880000, 0x00000000e0000000)
  object space 205312K, 29% used [0x00000000a0000000,0x00000000a3a8ee98,0x00000000ac880000)
 Metaspace       used 82250K, capacity 88888K, committed 94720K, reserved 1130496K
  class space    used 10826K, capacity 11729K, committed 13056K, reserved 1048576K
Event: 4782.201 GC heap after
Heap after GC invocations=49 (full 12):
 PSYoungGen      total 302080K, used 7936K [0x00000000e0000000, 0x00000000f5480000, 0x0000000100000000)
  eden space 260608K, 0% used [0x00000000e0000000,0x00000000e0000000,0x00000000efe80000)
  from space 41472K, 19% used [0x00000000efe80000,0x00000000f0640000,0x00000000f2700000)
  to   space 39936K, 0% used [0x00000000f2d80000,0x00000000f2d80000,0x00000000f5480000)
 ParOldGen       total 205312K, used 59971K [0x00000000a0000000, 0x00000000ac880000, 0x00000000e0000000)
  object space 205312K, 29% used [0x00000000a0000000,0x00000000a3a90e98,0x00000000ac880000)
 Metaspace       used 82250K, capacity 88888K, committed 94720K, reserved 1130496K
  class space    used 10826K, capacity 11729K, committed 13056K, reserved 1048576K
}

Deoptimization events (10 events):
Event: 4754.789 Thread 0x000000001bd50800 Uncommon trap: reason=unstable_if action=reinterpret pc=0x0000000005b9e8d4 method=sun.util.calendar.AbstractCalendar.getCalendarDate(JLsun/util/calendar/CalendarDate;)Lsun/util/calendar/CalendarDate; @ 138
Event: 4754.801 Thread 0x000000001bd50800 Uncommon trap: reason=class_check action=maybe_recompile pc=0x0000000004f6941c method=java.nio.file.attribute.FileTime.toMillis()J @ 15
Event: 4754.815 Thread 0x000000001bd50800 Uncommon trap: reason=class_check action=maybe_recompile pc=0x0000000004f6941c method=java.nio.file.attribute.FileTime.toMillis()J @ 15
Event: 4754.899 Thread 0x000000001bd50800 Uncommon trap: reason=class_check action=maybe_recompile pc=0x0000000004f6941c method=java.nio.file.attribute.FileTime.toMillis()J @ 15
Event: 4754.903 Thread 0x000000001bd50800 Uncommon trap: reason=class_check action=maybe_recompile pc=0x0000000004f6941c method=java.nio.file.attribute.FileTime.toMillis()J @ 15
Event: 4755.060 Thread 0x0000000018b01800 Uncommon trap: reason=bimorphic action=maybe_recompile pc=0x0000000003c1546c method=java.lang.ThreadLocal.setInitialValue()Ljava/lang/Object; @ 31
Event: 4759.564 Thread 0x000000001bd50800 Uncommon trap: reason=bimorphic action=maybe_recompile pc=0x0000000004fc8968 method=java.io.BufferedOutputStream.flushBuffer()V @ 20
Event: 4792.785 Thread 0x000000001bd50800 Uncommon trap: reason=unstable_if action=reinterpret pc=0x0000000006610f08 method=com.sun.org.apache.xml.internal.dtm.ref.dom2dtm.DOM2DTM.addNode(Lorg/w3c/dom/Node;III)I @ 334
Event: 4792.788 Thread 0x000000001bd50800 Uncommon trap: reason=unstable_if action=reinterpret pc=0x000000000639c050 method=com.google.common.io.LineBuffer.add([CII)V @ 111
Event: 4799.012 Thread 0x000000001bd50800 Uncommon trap: reason=unstable_if action=reinterpret pc=0x0000000004508fec method=groovyjarjarasm.asm.ByteVector.putInt(I)Lgroovyjarjarasm/asm/ByteVector; @ 13

Internal exceptions (10 events):
Event: 4799.753 Thread 0x000000001bd50800 Exception <a 'sun/nio/fs/WindowsException'> (0x00000000e8246f08) thrown at [C:\re\workspace\8-2-build-windows-amd64-cygwin\jdk8u101\7261\hotspot\src\share\vm\prims\jni.cpp, line 709]
Event: 4799.753 Thread 0x000000001bd50800 Exception <a 'sun/nio/fs/WindowsException'> (0x00000000e8247770) thrown at [C:\re\workspace\8-2-build-windows-amd64-cygwin\jdk8u101\7261\hotspot\src\share\vm\prims\jni.cpp, line 709]
Event: 4799.753 Thread 0x000000001bd50800 Exception <a 'sun/nio/fs/WindowsException'> (0x00000000e82496e0) thrown at [C:\re\workspace\8-2-build-windows-amd64-cygwin\jdk8u101\7261\hotspot\src\share\vm\prims\jni.cpp, line 709]
Event: 4799.753 Thread 0x000000001bd50800 Exception <a 'sun/nio/fs/WindowsException'> (0x00000000e8249e78) thrown at [C:\re\workspace\8-2-build-windows-amd64-cygwin\jdk8u101\7261\hotspot\src\share\vm\prims\jni.cpp, line 709]
Event: 4799.753 Thread 0x000000001bd50800 Exception <a 'sun/nio/fs/WindowsException'> (0x00000000e824b2f8) thrown at [C:\re\workspace\8-2-build-windows-amd64-cygwin\jdk8u101\7261\hotspot\src\share\vm\prims\jni.cpp, line 709]
Event: 4799.753 Thread 0x000000001bd50800 Exception <a 'sun/nio/fs/WindowsException'> (0x00000000e824bb58) thrown at [C:\re\workspace\8-2-build-windows-amd64-cygwin\jdk8u101\7261\hotspot\src\share\vm\prims\jni.cpp, line 709]
Event: 4799.769 Thread 0x000000001bd50800 Exception <a 'sun/nio/fs/WindowsException'> (0x00000000e824e3c8) thrown at [C:\re\workspace\8-2-build-windows-amd64-cygwin\jdk8u101\7261\hotspot\src\share\vm\prims\jni.cpp, line 709]
Event: 4799.769 Thread 0x000000001bd50800 Exception <a 'sun/nio/fs/WindowsException'> (0x00000000e824eb70) thrown at [C:\re\workspace\8-2-build-windows-amd64-cygwin\jdk8u101\7261\hotspot\src\share\vm\prims\jni.cpp, line 709]
Event: 4799.769 Thread 0x000000001bd50800 Exception <a 'sun/nio/fs/WindowsException'> (0x00000000e8250018) thrown at [C:\re\workspace\8-2-build-windows-amd64-cygwin\jdk8u101\7261\hotspot\src\share\vm\prims\jni.cpp, line 709]
Event: 4799.769 Thread 0x000000001bd50800 Exception <a 'sun/nio/fs/WindowsException'> (0x00000000e8250888) thrown at [C:\re\workspace\8-2-build-windows-amd64-cygwin\jdk8u101\7261\hotspot\src\share\vm\prims\jni.cpp, line 709]

Events (10 events):
Event: 4799.559 loading class build_2qhc7qler59j758jgkxyya6hx$_run_closure1BeanInfo
Event: 4799.559 loading class build_2qhc7qler59j758jgkxyya6hx$_run_closure1BeanInfo done
Event: 4799.561 loading class build_2qhc7qler59j758jgkxyya6hx$_run_closure1Customizer
Event: 4799.561 loading class build_2qhc7qler59j758jgkxyya6hx$_run_closure1Customizer done
Event: 4799.568 loading class groovy/runtime/metaclass/build_2qhc7qler59j758jgkxyya6hx$_run_closure2MetaClass
Event: 4799.568 loading class groovy/runtime/metaclass/build_2qhc7qler59j758jgkxyya6hx$_run_closure2MetaClass done
Event: 4799.570 loading class groovy/runtime/metaclass/build_2qhc7qler59j758jgkxyya6hx$_run_closure2$_closure6MetaClass
Event: 4799.570 loading class groovy/runtime/metaclass/build_2qhc7qler59j758jgkxyya6hx$_run_closure2$_closure6MetaClass done
Event: 4799.574 Executing VM operation: BulkRevokeBias
Event: 4799.575 Executing VM operation: BulkRevokeBias done


Dynamic libraries:
0x00007ff70bf50000 - 0x00007ff70bf87000 	C:\Program Files\Java\jdk1.8.0_101\bin\java.exe
0x00007ffdbf780000 - 0x00007ffdbf95b000 	C:\WINDOWS\SYSTEM32\ntdll.dll
0x00007ffdbcce0000 - 0x00007ffdbcd8e000 	C:\WINDOWS\System32\KERNEL32.DLL
0x00007ffdbca90000 - 0x00007ffdbccd9000 	C:\WINDOWS\System32\KERNELBASE.dll
0x00007ffdbcda0000 - 0x00007ffdbce41000 	C:\WINDOWS\System32\ADVAPI32.dll
0x00007ffdbd8b0000 - 0x00007ffdbd94d000 	C:\WINDOWS\System32\msvcrt.dll
0x00007ffdbd640000 - 0x00007ffdbd699000 	C:\WINDOWS\System32\sechost.dll
0x00007ffdbef20000 - 0x00007ffdbf045000 	C:\WINDOWS\System32\RPCRT4.dll
0x00007ffdbd470000 - 0x00007ffdbd5ba000 	C:\WINDOWS\System32\USER32.dll
0x00007ffdbbda0000 - 0x00007ffdbbdbe000 	C:\WINDOWS\System32\win32u.dll
0x00007ffdbd880000 - 0x00007ffdbd8a7000 	C:\WINDOWS\System32\GDI32.dll
0x00007ffdbc790000 - 0x00007ffdbc917000 	C:\WINDOWS\System32\gdi32full.dll
0x00007ffdbbd00000 - 0x00007ffdbbd9a000 	C:\WINDOWS\System32\msvcp_win.dll
0x00007ffdbc920000 - 0x00007ffdbca16000 	C:\WINDOWS\System32\ucrtbase.dll
0x00007ffdad500000 - 0x00007ffdad767000 	C:\WINDOWS\WinSxS\amd64_microsoft.windows.common-controls_6595b64144ccf1df_6.0.15063.483_none_26002d27e7c744a2\COMCTL32.dll
0x00007ffdbf1c0000 - 0x00007ffdbf4b9000 	C:\WINDOWS\System32\combase.dll
0x00007ffdbca20000 - 0x00007ffdbca8a000 	C:\WINDOWS\System32\bcryptPrimitives.dll
0x00007ffdbeef0000 - 0x00007ffdbef1d000 	C:\WINDOWS\System32\IMM32.DLL
0x000000006dcf0000 - 0x000000006ddc2000 	C:\Program Files\Java\jdk1.8.0_101\jre\bin\msvcr100.dll
0x000000006d450000 - 0x000000006dcea000 	C:\Program Files\Java\jdk1.8.0_101\jre\bin\server\jvm.dll
0x00007ffdbeee0000 - 0x00007ffdbeee8000 	C:\WINDOWS\System32\PSAPI.DLL
0x00007ffdae5b0000 - 0x00007ffdae5ba000 	C:\WINDOWS\SYSTEM32\VERSION.dll
0x00007ffdba080000 - 0x00007ffdba0a3000 	C:\WINDOWS\SYSTEM32\WINMM.dll
0x00007ffdba050000 - 0x00007ffdba07b000 	C:\WINDOWS\SYSTEM32\WINMMBASE.dll
0x00007ffdbbdc0000 - 0x00007ffdbbe09000 	C:\WINDOWS\System32\cfgmgr32.dll
0x00007ffdb8060000 - 0x00007ffdb8069000 	C:\WINDOWS\SYSTEM32\WSOCK32.dll
0x00007ffdbd400000 - 0x00007ffdbd46c000 	C:\WINDOWS\System32\WS2_32.dll
0x000000006f0a0000 - 0x000000006f0af000 	C:\Program Files\Java\jdk1.8.0_101\jre\bin\verify.dll
0x000000006f070000 - 0x000000006f099000 	C:\Program Files\Java\jdk1.8.0_101\jre\bin\java.dll
0x000000006f050000 - 0x000000006f066000 	C:\Program Files\Java\jdk1.8.0_101\jre\bin\zip.dll
0x00007ffdbd950000 - 0x00007ffdbed86000 	C:\WINDOWS\System32\SHELL32.dll
0x00007ffdbd7b0000 - 0x00007ffdbd85a000 	C:\WINDOWS\System32\shcore.dll
0x00007ffdbbec0000 - 0x00007ffdbc5b1000 	C:\WINDOWS\System32\windows.storage.dll
0x00007ffdbf160000 - 0x00007ffdbf1b1000 	C:\WINDOWS\System32\shlwapi.dll
0x00007ffdbbc30000 - 0x00007ffdbbc41000 	C:\WINDOWS\System32\kernel.appcore.dll
0x00007ffdbbc50000 - 0x00007ffdbbc9c000 	C:\WINDOWS\System32\powrprof.dll
0x00007ffdbbbf0000 - 0x00007ffdbbc05000 	C:\WINDOWS\System32\profapi.dll
0x000000006d430000 - 0x000000006d44a000 	C:\Program Files\Java\jdk1.8.0_101\jre\bin\net.dll
0x00007ffdbb4a0000 - 0x00007ffdbb4fc000 	C:\WINDOWS\system32\mswsock.dll
0x000000006d410000 - 0x000000006d421000 	C:\Program Files\Java\jdk1.8.0_101\jre\bin\nio.dll
0x00007ffdb5d60000 - 0x00007ffdb5d72000 	C:\Users\ÇýÁø\.gradle\native\19\windows-amd64\native-platform.dll
0x00007ffdbb640000 - 0x00007ffdbb657000 	C:\WINDOWS\SYSTEM32\CRYPTSP.dll
0x00007ffdbb0c0000 - 0x00007ffdbb0f4000 	C:\WINDOWS\system32\rsaenh.dll
0x00007ffdbbac0000 - 0x00007ffdbbae5000 	C:\WINDOWS\SYSTEM32\bcrypt.dll
0x00007ffdbbaf0000 - 0x00007ffdbbb19000 	C:\WINDOWS\SYSTEM32\USERENV.dll
0x00007ffdbbab0000 - 0x00007ffdbbabb000 	C:\WINDOWS\SYSTEM32\CRYPTBASE.dll
0x00007ffdbb240000 - 0x00007ffdbb277000 	C:\WINDOWS\SYSTEM32\IPHLPAPI.DLL
0x00007ffdbcd90000 - 0x00007ffdbcd98000 	C:\WINDOWS\System32\NSI.dll
0x00007ffdafc40000 - 0x00007ffdafc56000 	C:\WINDOWS\SYSTEM32\dhcpcsvc6.DLL
0x00007ffdb3bd0000 - 0x00007ffdb3bea000 	C:\WINDOWS\SYSTEM32\dhcpcsvc.DLL
0x000000006f2c0000 - 0x000000006f2cd000 	C:\Program Files\Java\jdk1.8.0_101\jre\bin\management.dll
0x000000006d3e0000 - 0x000000006d404000 	C:\Program Files\Java\jdk1.8.0_101\jre\bin\sunec.dll
0x00007ffdbb280000 - 0x00007ffdbb324000 	C:\WINDOWS\SYSTEM32\DNSAPI.dll
0x00007ffdad210000 - 0x00007ffdad21a000 	C:\Windows\System32\rasadhlp.dll
0x00007ffdaf9d0000 - 0x00007ffdafa3b000 	C:\WINDOWS\System32\fwpuclnt.dll
0x000000006f2b0000 - 0x000000006f2bb000 	C:\Program Files\Java\jdk1.8.0_101\jre\bin\sunmscapi.dll
0x00007ffdbc5c0000 - 0x00007ffdbc789000 	C:\WINDOWS\System32\CRYPT32.dll
0x00007ffdbbc10000 - 0x00007ffdbbc21000 	C:\WINDOWS\System32\MSASN1.dll
0x00007ffdac580000 - 0x00007ffdac596000 	C:\WINDOWS\system32\napinsp.dll
0x00007ffdac150000 - 0x00007ffdac16a000 	C:\WINDOWS\system32\pnrpnsp.dll
0x00007ffdb89f0000 - 0x00007ffdb8a08000 	C:\WINDOWS\system32\NLAapi.dll
0x00007ffdacba0000 - 0x00007ffdacbae000 	C:\WINDOWS\System32\winrnr.dll
0x00007ffdabba0000 - 0x00007ffdabbb5000 	C:\WINDOWS\System32\wshbth.dll

VM Arguments:
jvm_args: -Xmx1536m -Dfile.encoding=x-windows-949 -Duser.country=KR -Duser.language=ko -Duser.variant 
java_command: org.gradle.launcher.daemon.bootstrap.GradleDaemon 2.14.1
java_class_path (initial): C:\Program Files\Android\Android Studio\gradle\gradle-2.14.1\lib\gradle-launcher-2.14.1.jar
Launcher Type: SUN_STANDARD

Environment Variables:
JAVA_HOME=C:\Program Files\Java\jdk1.8.0_101
PATH=C:\gtkmm64\bin;C:\gtkmm\bin;C:\Program Files (x86)\GtkSharp\2.12\bin;C:\Program Files\Java\jdk1.8.0_101\bin;C:\Anaconda3;C:\WINDOWS\system32;C:\WINDOWS;C:\WINDOWS\System32\Wbem;C:\WINDOWS\System32\WindowsPowerShell\v1.0\;C:\Program Files\MariaDB 10.1\bin;C:\Program Files\PuTTY\;C:\Program Files\Git\cmd;C:\Users\ÇýÁø\AppData\Local\Microsoft\WindowsApps;C:\Program Files\Bandizip\7z;C:\library\VTK5.10.1\debug\bin;C:\Users\ÇýÁø\AppData\Roaming\npm;
USERNAME=ÇýÁø
OS=Windows_NT
PROCESSOR_IDENTIFIER=Intel64 Family 6 Model 61 Stepping 4, GenuineIntel



---------------  S Y S T E M  ---------------

OS: Windows 10.0 , 64 bit Build 15063 (10.0.15063.296)

CPU:total 4 (2 cores per cpu, 2 threads per core) family 6 model 61 stepping 4, cmov, cx8, fxsr, mmx, sse, sse2, sse3, ssse3, sse4.1, sse4.2, popcnt, avx, avx2, aes, clmul, erms, 3dnowpref, lzcnt, ht, tsc, tscinvbit, bmi1, bmi2, adx

Memory: 4k page, physical 8292268k(1437776k free), swap 11435948k(4628k free)

vm_info: Java HotSpot(TM) 64-Bit Server VM (25.101-b13) for windows-amd64 JRE (1.8.0_101-b13), built on Jun 22 2016 01:21:29 by "java_re" with MS VC++ 10.0 (VS2010)

time: Tue Oct 31 19:18:08 2017
elapsed time: 4799 seconds (0d 1h 19m 59s)

